<?xml version="1.0" encoding="UTF-8"?>
<testng-results ignored="0" total="1" passed="1" failed="0" skipped="0">
  <reporter-output>
  </reporter-output>
  <suite started-at="2024-07-17T18:25:13 IST" name="Default suite" finished-at="2024-07-17T18:25:16 IST" duration-ms="2866">
    <groups>
    </groups>
    <test started-at="2024-07-17T18:25:13 IST" name="Default test" finished-at="2024-07-17T18:25:16 IST" duration-ms="2866">
      <class name="com.task2.RestAssuredTest2">
        <test-method signature="testCreatePost()[pri:0, instance:com.task2.RestAssuredTest2@30b34287]" started-at="2024-07-17T18:25:13 IST" name="testCreatePost" finished-at="2024-07-17T18:25:16 IST" duration-ms="2822" status="PASS">
          <reporter-output>
          </reporter-output>
        </test-method> <!-- testCreatePost -->
      </class> <!-- com.task2.RestAssuredTest2 -->
    </test> <!-- Default test -->
  </suite> <!-- Default suite -->
</testng-results>
